<?xml version="1.0" encoding="UTF-8"?>
<!-- Generated by org.testng.reporters.JUnitReportReporter -->
<testsuite skipped="0" hostname="DESKTOP-8EQSD1V" name="com.virventure.qa.testcases.InventoryPageTest" tests="2" failures="0" timestamp="03 May 2021 14:59:22 GMT" time="25.662" errors="0">
  <testcase name="validateInventoryManageVendorTitleTest" time="14.850" classname="com.virventure.qa.testcases.InventoryPageTest"/>
  <testcase name="validateInventoryManageVendorLableTest" time="10.812" classname="com.virventure.qa.testcases.InventoryPageTest"/>
</testsuite> <!-- com.virventure.qa.testcases.InventoryPageTest -->
