<?xml version="1.0" encoding="UTF-8"?>
<!-- Generated by org.testng.reporters.JUnitReportReporter -->
<testsuite skipped="0" hostname="DESKTOP-8EQSD1V" name="com.virventure.qa.testcases.FBMOrdersPageTest" tests="4" failures="0" timestamp="11 May 2021 08:21:44 GMT" time="227.607" errors="0">
  <testcase name="FBMOrderPageTitleTest" time="45.554" classname="com.virventure.qa.testcases.FBMOrdersPageTest"/>
  <testcase name="FBMOrderPageLAbleTest" time="41.019" classname="com.virventure.qa.testcases.FBMOrdersPageTest"/>
  <testcase name="FBMOrderPageListTest" time="23.971" classname="com.virventure.qa.testcases.FBMOrdersPageTest"/>
  <testcase name="FBMOrderPageEditTest" time="117.063" classname="com.virventure.qa.testcases.FBMOrdersPageTest"/>
</testsuite> <!-- com.virventure.qa.testcases.FBMOrdersPageTest -->
