<?xml version="1.0" encoding="UTF-8"?>
<!-- Generated by org.testng.reporters.JUnitReportReporter -->
<testsuite skipped="0" hostname="DESKTOP-8EQSD1V" name="com.virventure.qa.testcases.RMASearchPageTest" tests="1" failures="0" timestamp="19 May 2021 06:54:01 GMT" time="19.993" errors="0">
  <testcase name="SearchRMAFilterPONumberTest" time="19.993" classname="com.virventure.qa.testcases.RMASearchPageTest"/>
</testsuite> <!-- com.virventure.qa.testcases.RMASearchPageTest -->
