<?xml version="1.0" encoding="UTF-8"?>
<!-- Generated by org.testng.reporters.JUnitReportReporter -->
<testsuite skipped="0" hostname="DESKTOP-8EQSD1V" name="com.virventure.qa.testcases.FBMOrdersPageTest" tests="4" failures="0" timestamp="19 May 2021 13:30:21 GMT" time="64.524" errors="0">
  <testcase name="FBMOrderPageFilterByVenueTest" time="15.738" classname="com.virventure.qa.testcases.FBMOrdersPageTest"/>
  <testcase name="FBMOrderPageFilterByVenueTest" time="16.551" classname="com.virventure.qa.testcases.FBMOrdersPageTest"/>
  <testcase name="FBMOrderPageFilterByVenueTest" time="16.476" classname="com.virventure.qa.testcases.FBMOrdersPageTest"/>
  <testcase name="FBMOrderPageFilterByVenueTest" time="15.759" classname="com.virventure.qa.testcases.FBMOrdersPageTest"/>
</testsuite> <!-- com.virventure.qa.testcases.FBMOrdersPageTest -->
