<?xml version="1.0" encoding="UTF-8"?>
<!-- Generated by org.testng.reporters.JUnitReportReporter -->
<testsuite skipped="0" hostname="DESKTOP-8EQSD1V" name="com.virventure.qa.testcases.HomePageTest" tests="1" failures="0" timestamp="26 Apr 2021 12:02:21 GMT" time="26.313" errors="0">
  <testcase name="SalesDashboardSearchTest" time="26.313" classname="com.virventure.qa.testcases.HomePageTest"/>
</testsuite> <!-- com.virventure.qa.testcases.HomePageTest -->
