<?xml version="1.0" encoding="UTF-8"?>
<!-- Generated by org.testng.reporters.JUnitReportReporter -->
<testsuite skipped="0" hostname="DESKTOP-8EQSD1V" name="com.virventure.qa.testcases.FBMOrdersPageTest" tests="4" failures="0" timestamp="03 May 2021 08:50:44 GMT" time="175.882" errors="0">
  <testcase name="FBMOrderPageTitleTest" time="14.979" classname="com.virventure.qa.testcases.FBMOrdersPageTest"/>
  <testcase name="FBMOrderPageLAbleTest" time="17.615" classname="com.virventure.qa.testcases.FBMOrdersPageTest"/>
  <testcase name="FBMOrderPageListTest" time="19.682" classname="com.virventure.qa.testcases.FBMOrdersPageTest"/>
  <testcase name="FBMOrderPageEditTest" time="123.606" classname="com.virventure.qa.testcases.FBMOrdersPageTest"/>
</testsuite> <!-- com.virventure.qa.testcases.FBMOrdersPageTest -->
