<?xml version="1.0" encoding="UTF-8"?>
<!-- Generated by org.testng.reporters.JUnitReportReporter -->
<testsuite skipped="0" hostname="DESKTOP-8EQSD1V" name="com.virventure.qa.testcases.LoginPageTest" tests="4" failures="0" timestamp="26 Apr 2021 06:19:40 GMT" time="28.930" errors="0">
  <testcase name="VVLoginPageTitleTest" time="4.760" classname="com.virventure.qa.testcases.LoginPageTest"/>
  <testcase name="VVLogoImageTest" time="4.693" classname="com.virventure.qa.testcases.LoginPageTest"/>
  <testcase name="loginWithEmptyTest" time="8.523" classname="com.virventure.qa.testcases.LoginPageTest"/>
  <testcase name="loginWithValidIDTest" time="10.954" classname="com.virventure.qa.testcases.LoginPageTest"/>
</testsuite> <!-- com.virventure.qa.testcases.LoginPageTest -->
